[debug] [2018-06-06T14:28:36.386Z] ----------------------------------------------------------------------
[debug] [2018-06-06T14:28:36.388Z] Command:       /usr/local/bin/node /usr/local/bin/firebase serve
[debug] [2018-06-06T14:28:36.388Z] CLI Version:   3.18.5
[debug] [2018-06-06T14:28:36.388Z] Platform:      darwin
[debug] [2018-06-06T14:28:36.388Z] Node Version:  v8.11.2
[debug] [2018-06-06T14:28:36.388Z] Time:          Wed Jun 06 2018 08:28:36 GMT-0600 (MDT)
[debug] [2018-06-06T14:28:36.388Z] ----------------------------------------------------------------------
[debug] 
[debug] [2018-06-06T14:28:36.409Z] > command requires scopes: ["email","openid","https://www.googleapis.com/auth/cloudplatformprojects.readonly","https://www.googleapis.com/auth/firebase","https://www.googleapis.com/auth/cloud-platform"]
[debug] [2018-06-06T14:28:36.410Z] > authorizing via signed-in user
[debug] [2018-06-06T14:28:36.412Z] >>> HTTP REQUEST GET https://admin.firebase.com/v1/projects/javascriptstudyprod  
  
 Wed Jun 06 2018 08:28:36 GMT-0600 (MDT)
[debug] [2018-06-06T14:28:37.226Z] <<< HTTP RESPONSE 200
[debug] [2018-06-06T14:28:37.226Z] >>> HTTP REQUEST GET https://admin.firebase.com/v1/database/javascriptstudyprod/tokens  
  
 Wed Jun 06 2018 08:28:37 GMT-0600 (MDT)
[debug] [2018-06-06T14:28:37.804Z] <<< HTTP RESPONSE 200
[debug] [2018-06-06T14:28:37.805Z] >>> HTTP REQUEST GET https://cloudresourcemanager.googleapis.com/v1/projects/javascriptstudyprod  
  
 Wed Jun 06 2018 08:28:37 GMT-0600 (MDT)
[debug] [2018-06-06T14:28:38.250Z] <<< HTTP RESPONSE 200
[info] 
[info] === Serving from '/Users/nadkins/Documents/javascriptStudyProd/javascriptStudyProd'...
[info] 
[debug] [2018-06-06T14:28:38.254Z] >>> HTTP REQUEST GET https://mobilesdk-pa.googleapis.com/v1/projects/562305102808/clients/_:getWebAppConfig  
  
 Wed Jun 06 2018 08:28:38 GMT-0600 (MDT)
[debug] [2018-06-06T14:28:38.795Z] <<< HTTP RESPONSE 200
[info] i  hosting: Serving hosting files from: public
[info] ✔  hosting: Local server: http://localhost:5000

